
> buildconnect-nextjs@0.1.0 dev
> next dev

 ⚠ Warning: Next.js inferred your workspace root, but it may not be correct.
 We detected multiple lockfiles and selected the directory of /app/yarn.lock as the root directory.
 To silence this warning, set `outputFileTracingRoot` in your Next.js config, or consider removing one of the lockfiles if it's not needed.
   See https://nextjs.org/docs/app/api-reference/config/next-config-js/output#caveats for more information.
 Detected additional lockfiles: 
   * /app/nextjs-app/package-lock.json

   ▲ Next.js 15.5.0
   - Local:        http://localhost:3000
   - Network:      http://10.64.168.108:3000
   - Environments: .env.local

 ✓ Starting...
 ✓ Ready in 2.5s
 ○ Compiling / ...
 ✓ Compiled / in 9.6s (1137 modules)
API Service initialized with: {
  BACKEND_URL: 'https://construct-hub-37.preview.emergentagent.com',
  SECURE_BACKEND_URL: 'https://construct-hub-37.preview.emergentagent.com',
  API_BASE: 'https://construct-hub-37.preview.emergentagent.com/api'
}
 GET / 200 in 10496ms
 GET / 200 in 702ms
 ✓ Compiled in 2s (469 modules)
 GET / 200 in 157ms
 GET /?x_request_source=preview 200 in 216ms
 GET /?x_request_source=preview 200 in 168ms
 ⚠ Cross origin request detected from react-to-nextjs.preview.emergentagent.com to /_next/* resource. In a future major version of Next.js, you will need to explicitly configure "allowedDevOrigins" in next.config to allow this.
Read more: https://nextjs.org/docs/app/api-reference/config/next-config-js/allowedDevOrigins
 ✓ Compiled in 2.5s (469 modules)
 ✓ Compiled in 1502ms (469 modules)
 ✓ Compiled in 1981ms (469 modules)
 ✓ Compiled in 1384ms (469 modules)
 ✓ Compiled in 2.3s (469 modules)
 ○ Compiling / ...
 ✓ Compiled / in 2.8s (1137 modules)
API Service initialized with: {
  BACKEND_URL: 'https://construct-hub-37.preview.emergentagent.com',
  SECURE_BACKEND_URL: 'https://construct-hub-37.preview.emergentagent.com',
  API_BASE: 'https://construct-hub-37.preview.emergentagent.com/api'
}
 GET /?x_request_source=preview 200 in 2886ms
 GET /?x_request_source=preview 200 in 304ms
 ✓ Compiled in 1398ms (1137 modules)
 ✓ Compiled in 2.8s (1137 modules)
 ✓ Compiled in 1472ms (469 modules)
API Service initialized with: {
  BACKEND_URL: 'https://construct-hub-37.preview.emergentagent.com',
  SECURE_BACKEND_URL: 'https://construct-hub-37.preview.emergentagent.com',
  API_BASE: 'https://construct-hub-37.preview.emergentagent.com/api'
}
 GET /?x_request_source=preview 200 in 582ms
 GET /?x_request_source=preview 200 in 154ms
 GET / 200 in 388ms
 GET / 200 in 396ms
 GET /?x_request_source=preview 200 in 183ms
 GET /?x_request_source=preview 200 in 164ms
 GET /?x_request_source=preview 200 in 400ms
 GET /?x_request_source=preview 200 in 388ms
 ○ Compiling /_not-found ...
 ✓ Compiled /_not-found in 5.2s (1128 modules)
 GET /post/plumbing 404 in 5687ms
 GET /post/handcraft 404 in 3556ms
 GET /post/electrical 404 in 3831ms
API Service initialized with: {
  BACKEND_URL: 'https://construct-hub-37.preview.emergentagent.com',
  SECURE_BACKEND_URL: 'https://construct-hub-37.preview.emergentagent.com',
  API_BASE: 'https://construct-hub-37.preview.emergentagent.com/api'
}
 GET /post/handcraft 404 in 1012ms
 GET / 200 in 103ms
 ✓ Compiled in 3.8s (1179 modules)
 GET / 200 in 702ms
 ✓ Compiled in 2.1s (1179 modules)
 GET / 200 in 205ms
 ⚠ The "images.domains" configuration is deprecated. Please use "images.remotePatterns" configuration instead.
API Service initialized with: {
  BACKEND_URL: 'https://construct-hub-37.preview.emergentagent.com',
  SECURE_BACKEND_URL: 'https://construct-hub-37.preview.emergentagent.com',
  API_BASE: 'https://construct-hub-37.preview.emergentagent.com/api'
}
 GET / 200 in 1064ms
 GET /?x_request_source=preview 200 in 444ms
 GET /?x_request_source=preview 200 in 430ms
 ✓ Compiled in 4.1s (1174 modules)
 GET /?x_request_source=preview 200 in 544ms
 ✓ Compiled in 1687ms (1174 modules)
 GET /?x_request_source=preview 200 in 528ms
 ✓ Compiled in 1919ms (1174 modules)
 GET /?x_request_source=preview 200 in 196ms
API Service initialized with: {
  BACKEND_URL: 'https://construct-hub-37.preview.emergentagent.com',
  SECURE_BACKEND_URL: 'https://construct-hub-37.preview.emergentagent.com',
  API_BASE: 'https://construct-hub-37.preview.emergentagent.com/api'
}
 GET / 200 in 1231ms
 GET / 200 in 164ms
 ✓ Compiled in 4.1s (1174 modules)
 GET /?x_request_source=preview 200 in 341ms
 ✓ Compiled in 2.1s (1174 modules)
 GET /?x_request_source=preview 200 in 346ms
API Service initialized with: {
  BACKEND_URL: 'https://construct-hub-37.preview.emergentagent.com',
  SECURE_BACKEND_URL: 'https://construct-hub-37.preview.emergentagent.com',
  API_BASE: 'https://construct-hub-37.preview.emergentagent.com/api'
}
 GET / 200 in 1180ms
 ○ Compiling /post/moving ...
 ✓ Compiled /_not-found in 10.6s (1194 modules)
 GET /post/bathroom 404 in 5525ms
 GET /post/bathroom 404 in 8235ms
 GET /post/automotive 404 in 10095ms
 GET /post/moving 200 in 11187ms
API Service initialized with: {
  BACKEND_URL: 'https://construct-hub-37.preview.emergentagent.com',
  SECURE_BACKEND_URL: 'https://construct-hub-37.preview.emergentagent.com',
  API_BASE: 'https://construct-hub-37.preview.emergentagent.com/api'
}
 GET /post/bathroom 404 in 1205ms
 GET /post/bathroom 404 in 1208ms
 GET /post/bathroom 404 in 280ms
 GET / 200 in 41ms
 GET /categories 404 in 65ms
 GET /categories 404 in 317ms
 GET / 200 in 57ms
 GET /?x_request_source=preview 200 in 542ms
 GET /?x_request_source=preview 200 in 401ms
 GET / 200 in 59ms
 ✓ Compiled in 6.1s (1187 modules)
 GET /?x_request_source=preview 200 in 505ms
 ✓ Compiled in 2.2s (1187 modules)
 GET /?x_request_source=preview 200 in 305ms
 ○ Compiling /_not-found ...
 ✓ Compiled /_not-found in 3.5s (1178 modules)
 GET /post/handcraft 404 in 1402ms
 GET /post/handcraft 404 in 128ms
API Service initialized with: {
  BACKEND_URL: 'https://construct-hub-37.preview.emergentagent.com',
  SECURE_BACKEND_URL: 'https://construct-hub-37.preview.emergentagent.com',
  API_BASE: 'https://construct-hub-37.preview.emergentagent.com/api'
}
 GET /post/handcraft 404 in 1308ms
 GET / 200 in 90ms
 ✓ Compiled in 1500ms (1192 modules)
 GET / 200 in 240ms
 ✓ Compiled in 1994ms (1192 modules)
 GET / 200 in 337ms
 ✓ Compiled in 3s (1192 modules)
 GET / 200 in 328ms
 ✓ Compiled in 1996ms (1192 modules)
 GET / 200 in 302ms
API Service initialized with: {
  BACKEND_URL: 'https://construct-hub-37.preview.emergentagent.com',
  SECURE_BACKEND_URL: 'https://construct-hub-37.preview.emergentagent.com',
  API_BASE: 'https://construct-hub-37.preview.emergentagent.com/api'
}
 GET /?x_request_source=preview 200 in 940ms
 GET /?x_request_source=preview 200 in 560ms
 ✓ Compiled in 1455ms (1192 modules)
 GET /?x_request_source=preview 200 in 232ms
 ✓ Compiled in 1135ms (1187 modules)
 GET /?x_request_source=preview 200 in 275ms
 ✓ Compiled in 5.1s (1187 modules)
 GET /?x_request_source=preview 200 in 492ms
 ✓ Compiled in 2.1s (1187 modules)
 GET /?x_request_source=preview 200 in 229ms
 ✓ Compiled in 1605ms (1187 modules)
 GET /?x_request_source=preview 200 in 233ms
 ✓ Compiled in 1564ms (1187 modules)
 GET /?x_request_source=preview 200 in 304ms
 ✓ Compiled in 3.2s (1187 modules)
 GET /?x_request_source=preview 200 in 240ms
 ✓ Compiled in 1537ms (1187 modules)
 GET /?x_request_source=preview 200 in 336ms
 ✓ Compiled in 1673ms (1187 modules)
 GET /?x_request_source=preview 200 in 304ms
 ✓ Compiled in 3s (1187 modules)
 GET /?x_request_source=preview 200 in 250ms
 ✓ Compiled in 1803ms (1187 modules)
 GET /?x_request_source=preview 200 in 189ms
 ✓ Compiled in 4.4s (1187 modules)
 ✓ Compiled in 2s (1187 modules)
 ✓ Compiled in 1298ms (1187 modules)
 ✓ Compiled in 4.2s (1187 modules)
 ✓ Compiled in 1395ms (1187 modules)
 ✓ Compiled in 6.7s (1173 modules)
 ✓ Compiled in 1165ms (1173 modules)
 ✓ Compiled in 656ms (1173 modules)
API Service initialized with: {
  BACKEND_URL: 'https://construct-hub-37.preview.emergentagent.com',
  SECURE_BACKEND_URL: 'https://construct-hub-37.preview.emergentagent.com',
  API_BASE: 'https://construct-hub-37.preview.emergentagent.com/api'
}
 GET / 200 in 1353ms
 GET /?x_request_source=preview 200 in 173ms
 GET /?x_request_source=preview 200 in 436ms
 ○ Compiling /_not-found ...
 ✓ Compiled /_not-found in 4.2s (1178 modules)
 GET /post/handcraft 404 in 4547ms
API Service initialized with: {
  BACKEND_URL: 'https://construct-hub-37.preview.emergentagent.com',
  SECURE_BACKEND_URL: 'https://construct-hub-37.preview.emergentagent.com',
  API_BASE: 'https://construct-hub-37.preview.emergentagent.com/api'
}
 GET /post/handcraft 404 in 843ms
 GET / 200 in 103ms
