
> buildconnect-nextjs@0.1.0 dev
> next dev

 ⚠ Warning: Next.js inferred your workspace root, but it may not be correct.
 We detected multiple lockfiles and selected the directory of /app/yarn.lock as the root directory.
 To silence this warning, set `outputFileTracingRoot` in your Next.js config, or consider removing one of the lockfiles if it's not needed.
   See https://nextjs.org/docs/app/api-reference/config/next-config-js/output#caveats for more information.
 Detected additional lockfiles: 
   * /app/nextjs-app/package-lock.json

   ▲ Next.js 15.5.0
   - Local:        http://localhost:3000
   - Network:      http://10.64.144.42:3000
   - Environments: .env.local

 ✓ Starting...
 ✓ Ready in 2.4s
 ○ Compiling / ...
 ✓ Compiled / in 8.1s (1150 modules)
API Service initialized with: {
  BACKEND_URL: 'https://verkefni-hub.preview.emergentagent.com',
  SECURE_BACKEND_URL: 'https://verkefni-hub.preview.emergentagent.com',
  API_BASE: 'https://verkefni-hub.preview.emergentagent.com/api'
}
Hero component mounted { searchQuery: '', showSuggestions: false, searchSuggestions: [] }
Rendering suggestions check: { showSuggestions: false, suggestionsLength: 0 }
 HEAD / 200 in 9012ms
 ✓ Compiled in 1515ms (475 modules)
Hero component mounted { searchQuery: '', showSuggestions: false, searchSuggestions: [] }
Rendering suggestions check: { showSuggestions: false, suggestionsLength: 0 }
 GET / 200 in 305ms
 ⚠ The "images.domains" configuration is deprecated. Please use "images.remotePatterns" configuration instead.
Hero component mounted { searchQuery: '', showSuggestions: false, searchSuggestions: [] }
Rendering suggestions check: { showSuggestions: false, suggestionsLength: 0 }
 GET /?x_request_source=preview 200 in 208ms
Hero component mounted { searchQuery: '', showSuggestions: false, searchSuggestions: [] }
Rendering suggestions check: { showSuggestions: false, suggestionsLength: 0 }
 GET /?x_request_source=preview 200 in 205ms
 ⚠ Cross origin request detected from craftlink-3.preview.emergentagent.com to /_next/* resource. In a future major version of Next.js, you will need to explicitly configure "allowedDevOrigins" in next.config to allow this.
Read more: https://nextjs.org/docs/app/api-reference/config/next-config-js/allowedDevOrigins
[?25h
