
> buildconnect-nextjs@0.1.0 dev
> next dev

 ⚠ Warning: Next.js inferred your workspace root, but it may not be correct.
 We detected multiple lockfiles and selected the directory of /app/yarn.lock as the root directory.
 To silence this warning, set `outputFileTracingRoot` in your Next.js config, or consider removing one of the lockfiles if it's not needed.
   See https://nextjs.org/docs/app/api-reference/config/next-config-js/output#caveats for more information.
 Detected additional lockfiles: 
   * /app/nextjs-app/package-lock.json

   ▲ Next.js 15.5.0
   - Local:        http://localhost:3000
   - Network:      http://10.64.144.42:3000
   - Environments: .env.local

 ✓ Starting...
 ✓ Ready in 2.6s
 ○ Compiling / ...
 ✓ Compiled / in 9.8s (1174 modules)
API Service initialized with: {
  BACKEND_URL: 'https://verkefni-hub.preview.emergentagent.com',
  SECURE_BACKEND_URL: 'https://verkefni-hub.preview.emergentagent.com',
  API_BASE: 'https://verkefni-hub.preview.emergentagent.com/api'
}
 HEAD / 200 in 10688ms
 ✓ Compiled in 1565ms (487 modules)
 GET / 200 in 289ms
 ⚠ The "images.domains" configuration is deprecated. Please use "images.remotePatterns" configuration instead.
 GET /?x_request_source=preview 200 in 224ms
 GET /?x_request_source=preview 200 in 187ms
 ⚠ Cross origin request detected from craftlink-3.preview.emergentagent.com to /_next/* resource. In a future major version of Next.js, you will need to explicitly configure "allowedDevOrigins" in next.config to allow this.
Read more: https://nextjs.org/docs/app/api-reference/config/next-config-js/allowedDevOrigins
 ○ Compiling /_not-found ...
 ✓ Compiled /_not-found in 1803ms (1165 modules)
 GET /post/automotive 404 in 1974ms
API Service initialized with: {
  BACKEND_URL: 'https://verkefni-hub.preview.emergentagent.com',
  SECURE_BACKEND_URL: 'https://verkefni-hub.preview.emergentagent.com',
  API_BASE: 'https://verkefni-hub.preview.emergentagent.com/api'
}
 GET /post/automotive 404 in 410ms
 GET / 200 in 48ms
 GET /?x_request_source=preview 200 in 286ms
 GET /?x_request_source=preview 200 in 171ms
 GET /register 404 in 30ms
 GET /register 404 in 134ms
 GET / 200 in 33ms
 ✓ Compiled in 2.4s (1174 modules)
 GET / 200 in 152ms
 ✓ Compiled in 1604ms (1137 modules)
API Service initialized with: {
  BACKEND_URL: 'https://verkefni-hub.preview.emergentagent.com',
  SECURE_BACKEND_URL: 'https://verkefni-hub.preview.emergentagent.com',
  API_BASE: 'https://verkefni-hub.preview.emergentagent.com/api'
}
 GET / 200 in 734ms
